<?xml version="1.0" encoding="UTF-8"?>
<testsuite xmlns:xsi="http://www.w3.org/2001/XMLSchema-instance" xsi:noNamespaceSchemaLocation="https://maven.apache.org/surefire/maven-surefire-plugin/xsd/surefire-test-report-3.0.xsd" version="3.0" name="tn.esprit.manajero.ManajeroApplicationTests" time="8.314" tests="1" errors="0" skipped="0" failures="0">
  <properties>
[...]
</properties>
  <testcase name="contextLoads" classname="tn.esprit.manajero.ManajeroApplicationTests" time="1.634">
    <system-out><![CDATA[19:22:50.368 [main] INFO org.springframework.test.context.support.AnnotationConfigContextLoaderUtils -- Could not detect default configuration classes for test class [tn.esprit.manajero.ManajeroApplicationTests]: ManajeroApplicationTests does not declare any static, non-private, non-final, nested classes annotated with @Configuration.
19:22:50.547 [main] INFO org.springframework.boot.test.context.SpringBootTestContextBootstrapper -- Found @SpringBootConfiguration tn.esprit.manajero.ManajeroApplication for test class tn.esprit.manajero.ManajeroApplicationTests

  .   ____          _            __ _ _
 /\\ / ___'_ __ _ _(_)_ __  __ _ \ \ \ \
( ( )\___ | '_ | '_| | '_ \/ _` | \ \ \ \
 \\/  ___)| |_)| | | | | || (_| |  ) ) ) )
  '  |____| .__|_| |_|_| |_\__, | / / / /
 =========|_|==============|___/=/_/_/_/

 :: Spring Boot ::                (v3.3.1)

2024-08-06T19:22:51.152+01:00  INFO 2356 --- [           main] t.e.manajero.ManajeroApplicationTests    : Starting ManajeroApplicationTests using Java 17.0.8 with PID 2356 (started by samib in C:\Users\samib\Downloads\Managero\Managero_spring_boot\Manajero)
2024-08-06T19:22:51.157+01:00  INFO 2356 --- [           main] t.e.manajero.ManajeroApplicationTests    : No active profile set, falling back to 1 default profile: "default"
2024-08-06T19:22:52.626+01:00  INFO 2356 --- [           main] .s.d.r.c.RepositoryConfigurationDelegate : Bootstrapping Spring Data MongoDB repositories in DEFAULT mode.
2024-08-06T19:22:52.730+01:00  INFO 2356 --- [           main] .s.d.r.c.RepositoryConfigurationDelegate : Finished Spring Data repository scanning in 96 ms. Found 8 MongoDB repository interfaces.
2024-08-06T19:22:53.608+01:00  INFO 2356 --- [           main] org.mongodb.driver.client                : MongoClient with metadata {"driver": {"name": "mongo-java-driver|sync|spring-boot", "version": "5.0.1"}, "os": {"type": "Windows", "name": "Windows 11", "architecture": "amd64", "version": "10.0"}, "platform": "Java/Oracle Corporation/17.0.8+9-LTS-211"} created with settings MongoClientSettings{readPreference=primary, writeConcern=WriteConcern{w=null, wTimeout=null ms, journal=null}, retryWrites=true, retryReads=true, readConcern=ReadConcern{level=null}, credential=MongoCredential{mechanism=null, userName='samielmejri', source='admin', password=<hidden>, mechanismProperties=<hidden>}, transportSettings=null, commandListeners=[], codecRegistry=ProvidersCodecRegistry{codecProviders=[ValueCodecProvider{}, BsonValueCodecProvider{}, DBRefCodecProvider{}, DBObjectCodecProvider{}, DocumentCodecProvider{}, CollectionCodecProvider{}, IterableCodecProvider{}, MapCodecProvider{}, GeoJsonCodecProvider{}, GridFSFileCodecProvider{}, Jsr310CodecProvider{}, JsonObjectCodecProvider{}, BsonCodecProvider{}, EnumCodecProvider{}, com.mongodb.client.model.mql.ExpressionCodecProvider@1983b48a, com.mongodb.Jep395RecordCodecProvider@629a9f26, com.mongodb.KotlinCodecProvider@b791a81]}, loggerSettings=LoggerSettings{maxDocumentLength=1000}, clusterSettings={hosts=[127.0.0.1:27017], srvHost=managero.7yjrtyj.mongodb.net, srvServiceName=mongodb, mode=MULTIPLE, requiredClusterType=REPLICA_SET, requiredReplicaSetName='atlas-mx5miy-shard-0', serverSelector='null', clusterListeners='[]', serverSelectionTimeout='30000 ms', localThreshold='15 ms'}, socketSettings=SocketSettings{connectTimeoutMS=10000, readTimeoutMS=0, receiveBufferSize=0, proxySettings=ProxySettings{host=null, port=null, username=null, password=null}}, heartbeatSocketSettings=SocketSettings{connectTimeoutMS=10000, readTimeoutMS=10000, receiveBufferSize=0, proxySettings=ProxySettings{host=null, port=null, username=null, password=null}}, connectionPoolSettings=ConnectionPoolSettings{maxSize=100, minSize=0, maxWaitTimeMS=120000, maxConnectionLifeTimeMS=0, maxConnectionIdleTimeMS=0, maintenanceInitialDelayMS=0, maintenanceFrequencyMS=60000, connectionPoolListeners=[], maxConnecting=2}, serverSettings=ServerSettings{heartbeatFrequencyMS=10000, minHeartbeatFrequencyMS=500, serverListeners='[]', serverMonitorListeners='[]'}, sslSettings=SslSettings{enabled=true, invalidHostNameAllowed=false, context=null}, applicationName='null', compressorList=[], uuidRepresentation=JAVA_LEGACY, serverApi=null, autoEncryptionSettings=null, dnsClient=null, inetAddressResolver=null, contextProvider=null}
2024-08-06T19:22:53.734+01:00  INFO 2356 --- [tyj.mongodb.net] org.mongodb.driver.cluster               : Adding discovered server ac-zclrhoi-shard-00-00.7yjrtyj.mongodb.net:27017 to client view of cluster
2024-08-06T19:22:53.770+01:00  INFO 2356 --- [tyj.mongodb.net] org.mongodb.driver.cluster               : Adding discovered server ac-zclrhoi-shard-00-01.7yjrtyj.mongodb.net:27017 to client view of cluster
2024-08-06T19:22:53.773+01:00  INFO 2356 --- [tyj.mongodb.net] org.mongodb.driver.cluster               : Adding discovered server ac-zclrhoi-shard-00-02.7yjrtyj.mongodb.net:27017 to client view of cluster
2024-08-06T19:22:54.981+01:00  INFO 2356 --- [ngodb.net:27017] org.mongodb.driver.cluster               : Monitor thread successfully connected to server with description ServerDescription{address=ac-zclrhoi-shard-00-01.7yjrtyj.mongodb.net:27017, type=REPLICA_SET_PRIMARY, state=CONNECTED, ok=true, minWireVersion=0, maxWireVersion=21, maxDocumentSize=16777216, logicalSessionTimeoutMinutes=30, roundTripTimeNanos=600119000, setName='atlas-mx5miy-shard-0', canonicalAddress=ac-zclrhoi-shard-00-01.7yjrtyj.mongodb.net:27017, hosts=[ac-zclrhoi-shard-00-00.7yjrtyj.mongodb.net:27017, ac-zclrhoi-shard-00-01.7yjrtyj.mongodb.net:27017, ac-zclrhoi-shard-00-02.7yjrtyj.mongodb.net:27017], passives=[], arbiters=[], primary='ac-zclrhoi-shard-00-01.7yjrtyj.mongodb.net:27017', tagSet=TagSet{[Tag{name='availabilityZone', value='euw3-az2'}, Tag{name='diskState', value='READY'}, Tag{name='nodeType', value='ELECTABLE'}, Tag{name='provider', value='AWS'}, Tag{name='region', value='EU_WEST_3'}, Tag{name='workloadType', value='OPERATIONAL'}]}, electionId=7fffffff000000000000005c, setVersion=6, topologyVersion=TopologyVersion{processId=668e9b17c58d018347aba154, counter=6}, lastWriteDate=Tue Aug 06 19:22:55 CET 2024, lastUpdateTimeNanos=448527338470200}
2024-08-06T19:22:54.981+01:00  INFO 2356 --- [ngodb.net:27017] org.mongodb.driver.cluster               : Monitor thread successfully connected to server with description ServerDescription{address=ac-zclrhoi-shard-00-02.7yjrtyj.mongodb.net:27017, type=REPLICA_SET_SECONDARY, state=CONNECTED, ok=true, minWireVersion=0, maxWireVersion=21, maxDocumentSize=16777216, logicalSessionTimeoutMinutes=30, roundTripTimeNanos=599967400, setName='atlas-mx5miy-shard-0', canonicalAddress=ac-zclrhoi-shard-00-02.7yjrtyj.mongodb.net:27017, hosts=[ac-zclrhoi-shard-00-00.7yjrtyj.mongodb.net:27017, ac-zclrhoi-shard-00-01.7yjrtyj.mongodb.net:27017, ac-zclrhoi-shard-00-02.7yjrtyj.mongodb.net:27017], passives=[], arbiters=[], primary='ac-zclrhoi-shard-00-01.7yjrtyj.mongodb.net:27017', tagSet=TagSet{[Tag{name='availabilityZone', value='euw3-az3'}, Tag{name='diskState', value='READY'}, Tag{name='nodeType', value='ELECTABLE'}, Tag{name='provider', value='AWS'}, Tag{name='region', value='EU_WEST_3'}, Tag{name='workloadType', value='OPERATIONAL'}]}, electionId=null, setVersion=6, topologyVersion=TopologyVersion{processId=668e9b6906afccd5d2b68497, counter=3}, lastWriteDate=Tue Aug 06 19:22:55 CET 2024, lastUpdateTimeNanos=448527338373100}
2024-08-06T19:22:54.982+01:00  INFO 2356 --- [ngodb.net:27017] org.mongodb.driver.cluster               : Monitor thread successfully connected to server with description ServerDescription{address=ac-zclrhoi-shard-00-00.7yjrtyj.mongodb.net:27017, type=REPLICA_SET_SECONDARY, state=CONNECTED, ok=true, minWireVersion=0, maxWireVersion=21, maxDocumentSize=16777216, logicalSessionTimeoutMinutes=30, roundTripTimeNanos=601979600, setName='atlas-mx5miy-shard-0', canonicalAddress=ac-zclrhoi-shard-00-00.7yjrtyj.mongodb.net:27017, hosts=[ac-zclrhoi-shard-00-00.7yjrtyj.mongodb.net:27017, ac-zclrhoi-shard-00-01.7yjrtyj.mongodb.net:27017, ac-zclrhoi-shard-00-02.7yjrtyj.mongodb.net:27017], passives=[], arbiters=[], primary='ac-zclrhoi-shard-00-01.7yjrtyj.mongodb.net:27017', tagSet=TagSet{[Tag{name='availabilityZone', value='euw3-az1'}, Tag{name='diskState', value='READY'}, Tag{name='nodeType', value='ELECTABLE'}, Tag{name='provider', value='AWS'}, Tag{name='region', value='EU_WEST_3'}, Tag{name='workloadType', value='OPERATIONAL'}]}, electionId=null, setVersion=6, topologyVersion=TopologyVersion{processId=668e9ac4f974dc402e16f948, counter=4}, lastWriteDate=Tue Aug 06 19:22:55 CET 2024, lastUpdateTimeNanos=448527338391200}
2024-08-06T19:22:54.989+01:00  INFO 2356 --- [ngodb.net:27017] org.mongodb.driver.cluster               : Discovered replica set primary ac-zclrhoi-shard-00-01.7yjrtyj.mongodb.net:27017 with max election id 7fffffff000000000000005c and max set version 6
2024-08-06T19:22:56.806+01:00  INFO 2356 --- [           main] t.e.manajero.ManajeroApplicationTests    : Started ManajeroApplicationTests in 6.055 seconds (process running for 7.668)
]]></system-out>
  </testcase>
</testsuite>